2025-07-24T08:09:28.740Z | SERVER START | IP: 127.0.0.1 | Status: RUNNING
2025-07-24T08:09:50.076Z | GET / | IP: ::1 | Status: 401
2025-07-24T08:09:50.221Z | GET /favicon.ico | IP: ::1 | Status: 404
2025-07-24T08:10:35.828Z | GET / | IP: ::1 | Status: 401
2025-07-24T08:10:51.999Z | GET / | IP: ::1 | Status: 401
2025-07-24T08:11:50.396Z | GET / | IP: ::1 | Status: 401
2025-07-24T08:12:12.267Z | SERVER START | IP: 127.0.0.1 | Status: RUNNING
2025-07-24T08:12:15.698Z | undefined undefined | IP: undefined | Status: undefined
2025-07-24T08:12:15.708Z | GET / | IP: ::1 | Status: 401
2025-07-24T08:15:44.316Z | GET / | IP: ::ffff:127.0.0.1 | Status: 404
2025-07-24T08:18:59.372Z | undefined undefined | IP: undefined | Status: undefined
2025-07-24T08:18:59.374Z | GET / | IP: ::1 | Status: 401
2025-07-24T08:19:22.477Z | undefined undefined | IP: undefined | Status: undefined
2025-07-24T08:19:22.479Z | GET / | IP: ::1 | Status: 401
2025-07-24T08:19:32.955Z | SERVER START | IP: 127.0.0.1 | Status: RUNNING
2025-07-24T08:19:35.930Z | GET / | IP: ::1 | Status: 401
2025-07-24T08:22:33.230Z | SERVER START | IP: 127.0.0.1 | Status: RUNNING
2025-07-24T08:22:35.250Z | GET / | IP: ::1 | Status: 401
2025-07-24T08:27:10.527Z | SERVER START | IP: 127.0.0.1 | Status: RUNNING
2025-07-24T08:27:29.461Z | GET / | IP: ::1 | Status: 401
[2025-07-25T01:03:09.253Z] | SERVER STARTED | IP: 127.0.0.1 | 位置: localhost | ID: 未知 | MAC: N/A | 状态: INFO | UA: Node.js/v18.20.1 win32/10.0.19044 | 耗时: 0ms
[2025-07-25T01:03:28.112Z] | GET / | IP: ::1 | 位置: 未知 | ID: 4241a2c1-2666-4c27-aa4f-390173262abb | MAC: N/A | 状态: 200 | UA: Mozilla/5.0 (Windows NT 10.0; Win64; x64) AppleWeb... | 耗时: 12ms
[2025-07-25T01:03:32.080Z] | GET / | IP: ::1 | 位置: 未知 | ID: 4241a2c1-2666-4c27-aa4f-390173262abb | MAC: N/A | 状态: 200 | UA: Mozilla/5.0 (Windows NT 10.0; Win64; x64) AppleWeb... | 耗时: 2ms
[2025-07-25T01:08:46.971Z] | GET / | IP: ::1 | 位置: 未知 | ID: 4241a2c1-2666-4c27-aa4f-390173262abb | MAC: N/A | 状态: 200 | UA: Mozilla/5.0 (Windows NT 10.0; Win64; x64) AppleWeb... | 耗时: 1ms
[2025-07-25T01:09:03.938Z] | GET / | IP: ::1 | 位置: 未知 | ID: 4241a2c1-2666-4c27-aa4f-390173262abb | MAC: N/A | 状态: 200 | UA: Mozilla/5.0 (Windows NT 10.0; Win64; x64) AppleWeb... | 耗时: 2ms
[2025-07-25T01:09:04.563Z] | GET / | IP: ::1 | 位置: 未知 | ID: 4241a2c1-2666-4c27-aa4f-390173262abb | MAC: N/A | 状态: 200 | UA: Mozilla/5.0 (Windows NT 10.0; Win64; x64) AppleWeb... | 耗时: 1ms
[2025-07-25T01:10:45.902Z] | GET / | IP: ::1 | 位置: 未知 | ID: 4241a2c1-2666-4c27-aa4f-390173262abb | MAC: N/A | 状态: 200 | UA: Mozilla/5.0 (Windows NT 10.0; Win64; x64) AppleWeb... | 耗时: 1ms
[2025-07-25T01:10:46.652Z] | GET / | IP: ::1 | 位置: 未知 | ID: 4241a2c1-2666-4c27-aa4f-390173262abb | MAC: N/A | 状态: 200 | UA: Mozilla/5.0 (Windows NT 10.0; Win64; x64) AppleWeb... | 耗时: 1ms
[2025-07-25T01:10:47.225Z] | GET / | IP: ::1 | 位置: 未知 | ID: 4241a2c1-2666-4c27-aa4f-390173262abb | MAC: N/A | 状态: 200 | UA: Mozilla/5.0 (Windows NT 10.0; Win64; x64) AppleWeb... | 耗时: 1ms
[2025-07-25T01:10:47.703Z] | GET / | IP: ::1 | 位置: 未知 | ID: 4241a2c1-2666-4c27-aa4f-390173262abb | MAC: N/A | 状态: 200 | UA: Mozilla/5.0 (Windows NT 10.0; Win64; x64) AppleWeb... | 耗时: 1ms
[2025-07-25T01:10:48.180Z] | GET / | IP: ::1 | 位置: 未知 | ID: 4241a2c1-2666-4c27-aa4f-390173262abb | MAC: N/A | 状态: 200 | UA: Mozilla/5.0 (Windows NT 10.0; Win64; x64) AppleWeb... | 耗时: 0ms
[2025-07-25T01:10:49.064Z] | GET / | IP: ::1 | 位置: 未知 | ID: 4241a2c1-2666-4c27-aa4f-390173262abb | MAC: N/A | 状态: 200 | UA: Mozilla/5.0 (Windows NT 10.0; Win64; x64) AppleWeb... | 耗时: 1ms
[2025-07-25T01:10:49.512Z] | GET / | IP: ::1 | 位置: 未知 | ID: 4241a2c1-2666-4c27-aa4f-390173262abb | MAC: N/A | 状态: 200 | UA: Mozilla/5.0 (Windows NT 10.0; Win64; x64) AppleWeb... | 耗时: 1ms
[2025-07-25T01:10:49.959Z] | GET / | IP: ::1 | 位置: 未知 | ID: 4241a2c1-2666-4c27-aa4f-390173262abb | MAC: N/A | 状态: 200 | UA: Mozilla/5.0 (Windows NT 10.0; Win64; x64) AppleWeb... | 耗时: 2ms
[2025-07-25T01:10:50.157Z] | GET / | IP: ::1 | 位置: 未知 | ID: 4241a2c1-2666-4c27-aa4f-390173262abb | MAC: N/A | 状态: 200 | UA: Mozilla/5.0 (Windows NT 10.0; Win64; x64) AppleWeb... | 耗时: 2ms
[2025-07-25T01:10:50.568Z] | GET / | IP: ::1 | 位置: 未知 | ID: 4241a2c1-2666-4c27-aa4f-390173262abb | MAC: N/A | 状态: 200 | UA: Mozilla/5.0 (Windows NT 10.0; Win64; x64) AppleWeb... | 耗时: 1ms
[2025-07-25T01:10:51.468Z] | GET / | IP: ::1 | 位置: 未知 | ID: 4241a2c1-2666-4c27-aa4f-390173262abb | MAC: N/A | 状态: 200 | UA: Mozilla/5.0 (Windows NT 10.0; Win64; x64) AppleWeb... | 耗时: 0ms
[2025-07-25T01:10:51.978Z] | GET / | IP: ::1 | 位置: 未知 | ID: 4241a2c1-2666-4c27-aa4f-390173262abb | MAC: N/A | 状态: 200 | UA: Mozilla/5.0 (Windows NT 10.0; Win64; x64) AppleWeb... | 耗时: 1ms
[2025-07-25T01:11:26.999Z] | GET / | IP: ::1 | 位置: 未知 | ID: 4241a2c1-2666-4c27-aa4f-390173262abb | MAC: N/A | 状态: 200 | UA: Mozilla/5.0 (Windows NT 10.0; Win64; x64) AppleWeb... | 耗时: 2ms
